app/build/intermediates/manifest_merge_blame_file/debug/manifest-merger-blame-debug-report.txt
1<?xml version="1.0" encoding="utf-8"?>
2<manifest xmlns:android="http://schemas.android.com/apk/res/android"
3    package="com.sonait.facultyadvisor"
4    android:versionCode="1"
5    android:versionName="1.0" >
6
7    <uses-sdk
8        android:minSdkVersion="22"
8-->src/main/AndroidManifest.xml
9        android:targetSdkVersion="32" />
9-->src/main/AndroidManifest.xml
10
11    <uses-permission android:name="android.permission.INTERNET" />
11-->src/main/AndroidManifest.xml:51:5-67
11-->src/main/AndroidManifest.xml:51:22-64
12    <uses-permission android:name="android.permission.ACCESS_NETWORK_STATE" />
12-->src/main/AndroidManifest.xml:52:5-79
12-->src/main/AndroidManifest.xml:52:22-76
13
14    <application
14-->src/main/AndroidManifest.xml:5:5-50:19
15        android:allowBackup="true"
15-->src/main/AndroidManifest.xml:6:9-35
16        android:appComponentFactory="androidx.core.app.CoreComponentFactory"
16-->[androidx.core:core:1.8.0] AndroidManifest.xml:24:18-86
17        android:dataExtractionRules="@xml/data_extraction_rules"
17-->src/main/AndroidManifest.xml:7:9-65
18        android:debuggable="true"
19        android:fullBackupContent="@xml/backup_rules"
19-->src/main/AndroidManifest.xml:8:9-54
20        android:hardwareAccelerated="true"
20-->src/main/AndroidManifest.xml:14:9-43
21        android:icon="@mipmap/ic_launcher"
21-->src/main/AndroidManifest.xml:9:9-43
22        android:label="@string/app_name"
22-->src/main/AndroidManifest.xml:10:9-41
23        android:roundIcon="@mipmap/ic_launcher_round"
23-->src/main/AndroidManifest.xml:11:9-54
24        android:supportsRtl="true"
24-->src/main/AndroidManifest.xml:12:9-35
25        android:theme="@style/Theme.FacultyAdvisor" >
25-->src/main/AndroidManifest.xml:13:9-52
26        <activity
26-->src/main/AndroidManifest.xml:16:9-22:20
27            android:name="com.sonait.facultyadvisor.Student"
27-->src/main/AndroidManifest.xml:17:13-36
28            android:exported="false" >
28-->src/main/AndroidManifest.xml:18:13-37
29            <meta-data
29-->src/main/AndroidManifest.xml:19:13-21:36
30                android:name="android.app.lib_name"
30-->src/main/AndroidManifest.xml:20:17-52
31                android:value="" />
31-->src/main/AndroidManifest.xml:21:17-33
32        </activity>
33        <activity
33-->src/main/AndroidManifest.xml:23:9-29:20
34            android:name="com.sonait.facultyadvisor.Attendance"
34-->src/main/AndroidManifest.xml:24:13-39
35            android:exported="false" >
35-->src/main/AndroidManifest.xml:25:13-37
36            <meta-data
36-->src/main/AndroidManifest.xml:19:13-21:36
37                android:name="android.app.lib_name"
37-->src/main/AndroidManifest.xml:20:17-52
38                android:value="" />
38-->src/main/AndroidManifest.xml:21:17-33
39        </activity>
40        <activity
40-->src/main/AndroidManifest.xml:30:9-36:20
41            android:name="com.sonait.facultyadvisor.dashboard"
41-->src/main/AndroidManifest.xml:31:13-38
42            android:exported="false" >
42-->src/main/AndroidManifest.xml:32:13-37
43            <meta-data
43-->src/main/AndroidManifest.xml:19:13-21:36
44                android:name="android.app.lib_name"
44-->src/main/AndroidManifest.xml:20:17-52
45                android:value="" />
45-->src/main/AndroidManifest.xml:21:17-33
46        </activity>
47        <activity
47-->src/main/AndroidManifest.xml:37:9-49:20
48            android:name="com.sonait.facultyadvisor.MainActivity"
48-->src/main/AndroidManifest.xml:38:13-41
49            android:exported="true" >
49-->src/main/AndroidManifest.xml:39:13-36
50            <intent-filter>
50-->src/main/AndroidManifest.xml:40:13-44:29
51                <action android:name="android.intent.action.MAIN" />
51-->src/main/AndroidManifest.xml:41:17-69
51-->src/main/AndroidManifest.xml:41:25-66
52
53                <category android:name="android.intent.category.LAUNCHER" />
53-->src/main/AndroidManifest.xml:43:17-77
53-->src/main/AndroidManifest.xml:43:27-74
54            </intent-filter>
55
56            <meta-data
56-->src/main/AndroidManifest.xml:19:13-21:36
57                android:name="android.app.lib_name"
57-->src/main/AndroidManifest.xml:20:17-52
58                android:value="" />
58-->src/main/AndroidManifest.xml:21:17-33
59        </activity>
60        <activity
60-->[com.google.firebase:firebase-auth:21.1.0] AndroidManifest.xml:27:9-44:20
61            android:name="com.google.firebase.auth.internal.GenericIdpActivity"
61-->[com.google.firebase:firebase-auth:21.1.0] AndroidManifest.xml:28:13-80
62            android:excludeFromRecents="true"
62-->[com.google.firebase:firebase-auth:21.1.0] AndroidManifest.xml:29:13-46
63            android:exported="true"
63-->[com.google.firebase:firebase-auth:21.1.0] AndroidManifest.xml:30:13-36
64            android:launchMode="singleTask"
64-->[com.google.firebase:firebase-auth:21.1.0] AndroidManifest.xml:31:13-44
65            android:theme="@android:style/Theme.Translucent.NoTitleBar" >
65-->[com.google.firebase:firebase-auth:21.1.0] AndroidManifest.xml:32:13-72
66            <intent-filter>
66-->[com.google.firebase:firebase-auth:21.1.0] AndroidManifest.xml:33:13-43:29
67                <action android:name="android.intent.action.VIEW" />
67-->[com.google.firebase:firebase-auth:21.1.0] AndroidManifest.xml:34:17-69
67-->[com.google.firebase:firebase-auth:21.1.0] AndroidManifest.xml:34:25-66
68
69                <category android:name="android.intent.category.DEFAULT" />
69-->[com.google.firebase:firebase-auth:21.1.0] AndroidManifest.xml:36:17-76
69-->[com.google.firebase:firebase-auth:21.1.0] AndroidManifest.xml:36:27-73
70                <category android:name="android.intent.category.BROWSABLE" />
70-->[com.google.firebase:firebase-auth:21.1.0] AndroidManifest.xml:37:17-78
70-->[com.google.firebase:firebase-auth:21.1.0] AndroidManifest.xml:37:27-75
71
72                <data
72-->[com.google.firebase:firebase-auth:21.1.0] AndroidManifest.xml:39:17-42:51
73                    android:host="firebase.auth"
73-->[com.google.firebase:firebase-auth:21.1.0] AndroidManifest.xml:40:21-49
74                    android:path="/"
74-->[com.google.firebase:firebase-auth:21.1.0] AndroidManifest.xml:41:21-37
75                    android:scheme="genericidp" />
75-->[com.google.firebase:firebase-auth:21.1.0] AndroidManifest.xml:42:21-48
76            </intent-filter>
77        </activity>
78        <activity
78-->[com.google.firebase:firebase-auth:21.1.0] AndroidManifest.xml:45:9-62:20
79            android:name="com.google.firebase.auth.internal.RecaptchaActivity"
79-->[com.google.firebase:firebase-auth:21.1.0] AndroidManifest.xml:46:13-79
80            android:excludeFromRecents="true"
80-->[com.google.firebase:firebase-auth:21.1.0] AndroidManifest.xml:47:13-46
81            android:exported="true"
81-->[com.google.firebase:firebase-auth:21.1.0] AndroidManifest.xml:48:13-36
82            android:launchMode="singleTask"
82-->[com.google.firebase:firebase-auth:21.1.0] AndroidManifest.xml:49:13-44
83            android:theme="@android:style/Theme.Translucent.NoTitleBar" >
83-->[com.google.firebase:firebase-auth:21.1.0] AndroidManifest.xml:50:13-72
84            <intent-filter>
84-->[com.google.firebase:firebase-auth:21.1.0] AndroidManifest.xml:51:13-61:29
85                <action android:name="android.intent.action.VIEW" />
85-->[com.google.firebase:firebase-auth:21.1.0] AndroidManifest.xml:34:17-69
85-->[com.google.firebase:firebase-auth:21.1.0] AndroidManifest.xml:34:25-66
86
87                <category android:name="android.intent.category.DEFAULT" />
87-->[com.google.firebase:firebase-auth:21.1.0] AndroidManifest.xml:36:17-76
87-->[com.google.firebase:firebase-auth:21.1.0] AndroidManifest.xml:36:27-73
88                <category android:name="android.intent.category.BROWSABLE" />
88-->[com.google.firebase:firebase-auth:21.1.0] AndroidManifest.xml:37:17-78
88-->[com.google.firebase:firebase-auth:21.1.0] AndroidManifest.xml:37:27-75
89
90                <data
90-->[com.google.firebase:firebase-auth:21.1.0] AndroidManifest.xml:39:17-42:51
91                    android:host="firebase.auth"
91-->[com.google.firebase:firebase-auth:21.1.0] AndroidManifest.xml:40:21-49
92                    android:path="/"
92-->[com.google.firebase:firebase-auth:21.1.0] AndroidManifest.xml:41:21-37
93                    android:scheme="recaptcha" />
93-->[com.google.firebase:firebase-auth:21.1.0] AndroidManifest.xml:42:21-48
94            </intent-filter>
95        </activity>
96
97        <service
97-->[com.google.firebase:firebase-auth:21.1.0] AndroidManifest.xml:64:9-70:19
98            android:name="com.google.firebase.components.ComponentDiscoveryService"
98-->[com.google.firebase:firebase-auth:21.1.0] AndroidManifest.xml:65:13-84
99            android:directBootAware="true"
99-->[com.google.firebase:firebase-common:20.2.0] AndroidManifest.xml:34:13-43
100            android:exported="false" >
100-->[com.google.firebase:firebase-auth:21.1.0] AndroidManifest.xml:66:13-37
101            <meta-data
101-->[com.google.firebase:firebase-auth:21.1.0] AndroidManifest.xml:67:13-69:85
102                android:name="com.google.firebase.components:com.google.firebase.auth.FirebaseAuthRegistrar"
102-->[com.google.firebase:firebase-auth:21.1.0] AndroidManifest.xml:68:17-109
103                android:value="com.google.firebase.components.ComponentRegistrar" />
103-->[com.google.firebase:firebase-auth:21.1.0] AndroidManifest.xml:69:17-82
104            <meta-data
104-->[com.google.firebase:firebase-firestore:24.4.0] AndroidManifest.xml:19:13-21:85
105                android:name="com.google.firebase.components:com.google.firebase.firestore.FirestoreRegistrar"
105-->[com.google.firebase:firebase-firestore:24.4.0] AndroidManifest.xml:20:17-111
106                android:value="com.google.firebase.components.ComponentRegistrar" />
106-->[com.google.firebase:firebase-firestore:24.4.0] AndroidManifest.xml:21:17-82
107        </service>
108
109        <provider
109-->[com.google.firebase:firebase-common:20.2.0] AndroidManifest.xml:25:9-30:39
110            android:name="com.google.firebase.provider.FirebaseInitProvider"
110-->[com.google.firebase:firebase-common:20.2.0] AndroidManifest.xml:26:13-77
111            android:authorities="com.sonait.facultyadvisor.firebaseinitprovider"
111-->[com.google.firebase:firebase-common:20.2.0] AndroidManifest.xml:27:13-72
112            android:directBootAware="true"
112-->[com.google.firebase:firebase-common:20.2.0] AndroidManifest.xml:28:13-43
113            android:exported="false"
113-->[com.google.firebase:firebase-common:20.2.0] AndroidManifest.xml:29:13-37
114            android:initOrder="100" />
114-->[com.google.firebase:firebase-common:20.2.0] AndroidManifest.xml:30:13-36
115
116        <activity
116-->[com.google.android.gms:play-services-base:18.0.1] AndroidManifest.xml:20:9-22:45
117            android:name="com.google.android.gms.common.api.GoogleApiActivity"
117-->[com.google.android.gms:play-services-base:18.0.1] AndroidManifest.xml:20:19-85
118            android:exported="false"
118-->[com.google.android.gms:play-services-base:18.0.1] AndroidManifest.xml:22:19-43
119            android:theme="@android:style/Theme.Translucent.NoTitleBar" />
119-->[com.google.android.gms:play-services-base:18.0.1] AndroidManifest.xml:21:19-78
120
121        <meta-data
121-->[com.google.android.gms:play-services-basement:18.1.0] AndroidManifest.xml:21:9-23:69
122            android:name="com.google.android.gms.version"
122-->[com.google.android.gms:play-services-basement:18.1.0] AndroidManifest.xml:22:13-58
123            android:value="@integer/google_play_services_version" />
123-->[com.google.android.gms:play-services-basement:18.1.0] AndroidManifest.xml:23:13-66
124
125        <provider
125-->[androidx.emoji2:emoji2:1.2.0] AndroidManifest.xml:24:9-32:20
126            android:name="androidx.startup.InitializationProvider"
126-->[androidx.emoji2:emoji2:1.2.0] AndroidManifest.xml:25:13-67
127            android:authorities="com.sonait.facultyadvisor.androidx-startup"
127-->[androidx.emoji2:emoji2:1.2.0] AndroidManifest.xml:26:13-68
128            android:exported="false" >
128-->[androidx.emoji2:emoji2:1.2.0] AndroidManifest.xml:27:13-37
129            <meta-data
129-->[androidx.emoji2:emoji2:1.2.0] AndroidManifest.xml:29:13-31:52
130                android:name="androidx.emoji2.text.EmojiCompatInitializer"
130-->[androidx.emoji2:emoji2:1.2.0] AndroidManifest.xml:30:17-75
131                android:value="androidx.startup" />
131-->[androidx.emoji2:emoji2:1.2.0] AndroidManifest.xml:31:17-49
132            <meta-data
132-->[androidx.lifecycle:lifecycle-process:2.4.1] AndroidManifest.xml:31:13-33:52
133                android:name="androidx.lifecycle.ProcessLifecycleInitializer"
133-->[androidx.lifecycle:lifecycle-process:2.4.1] AndroidManifest.xml:32:17-78
134                android:value="androidx.startup" />
134-->[androidx.lifecycle:lifecycle-process:2.4.1] AndroidManifest.xml:33:17-49
135        </provider>
136    </application>
137
138</manifest>